<?xml version="1.0" encoding="UTF-8"?>
<testng-results skipped="0" failed="0" ignored="0" total="4" passed="4">
  <reporter-output>
  </reporter-output>
  <suite name="Default suite" duration-ms="93316" started-at="2020-03-21T16:27:31Z" finished-at="2020-03-21T16:29:04Z">
    <groups>
    </groups>
    <test name="Default test" duration-ms="93316" started-at="2020-03-21T16:27:31Z" finished-at="2020-03-21T16:29:04Z">
      <class name="expedia.com.BootcampExpedia.BookingFunctionality">
        <test-method status="PASS" signature="beforeClass()[pri:0, instance:expedia.com.BootcampExpedia.BookingFunctionality@46d56d67]" name="beforeClass" is-config="true" duration-ms="46057" started-at="2020-03-21T16:27:31Z" finished-at="2020-03-21T16:28:17Z">
          <reporter-output>
          </reporter-output>
        </test-method> <!-- beforeClass -->
        <test-method status="PASS" signature="Expedia1()[pri:1, instance:expedia.com.BootcampExpedia.BookingFunctionality@46d56d67]" name="Expedia1" duration-ms="12864" started-at="2020-03-21T16:28:17Z" finished-at="2020-03-21T16:28:30Z">
          <reporter-output>
          </reporter-output>
        </test-method> <!-- Expedia1 -->
        <test-method status="PASS" signature="Expedia2()[pri:2, instance:expedia.com.BootcampExpedia.BookingFunctionality@46d56d67]" name="Expedia2" duration-ms="14037" started-at="2020-03-21T16:28:30Z" finished-at="2020-03-21T16:28:44Z">
          <reporter-output>
          </reporter-output>
        </test-method> <!-- Expedia2 -->
        <test-method status="PASS" signature="Expedia3()[pri:3, instance:expedia.com.BootcampExpedia.BookingFunctionality@46d56d67]" name="Expedia3" duration-ms="17923" started-at="2020-03-21T16:28:44Z" finished-at="2020-03-21T16:29:02Z">
          <reporter-output>
          </reporter-output>
        </test-method> <!-- Expedia3 -->
        <test-method status="PASS" signature="Expedia4()[pri:4, instance:expedia.com.BootcampExpedia.BookingFunctionality@46d56d67]" name="Expedia4" duration-ms="1544" started-at="2020-03-21T16:29:02Z" finished-at="2020-03-21T16:29:03Z">
          <reporter-output>
          </reporter-output>
        </test-method> <!-- Expedia4 -->
        <test-method status="PASS" signature="afterClass()[pri:0, instance:expedia.com.BootcampExpedia.BookingFunctionality@46d56d67]" name="afterClass" is-config="true" duration-ms="835" started-at="2020-03-21T16:29:03Z" finished-at="2020-03-21T16:29:04Z">
          <reporter-output>
          </reporter-output>
        </test-method> <!-- afterClass -->
      </class> <!-- expedia.com.BootcampExpedia.BookingFunctionality -->
    </test> <!-- Default test -->
  </suite> <!-- Default suite -->
</testng-results>
